        -:    0:Source:dominion.c
        -:    0:Graph:dominion.gcno
        -:    0:Data:dominion.gcda
        -:    0:Runs:1
        -:    0:Programs:1
        -:    1:#include "dominion.h"
        -:    2:#include "dominion_helpers.h"
        -:    3:#include "rngs.h"
        -:    4:#include <stdio.h>
        -:    5:#include <math.h>
        -:    6:#include <stdlib.h>
        -:    7:
       60:    8:int compare(const void* a, const void* b) {
       60:    9:  if (*(int*)a > *(int*)b)
    #####:   10:    return 1;
       60:   11:  if (*(int*)a < *(int*)b)
       16:   12:    return -1;
       44:   13:  return 0;
        -:   14:}
        -:   15:
    #####:   16:struct gameState* newGame() {
    #####:   17:  struct gameState* g = malloc(sizeof(struct gameState));
    #####:   18:  return g;
        -:   19:}
        -:   20:
    #####:   21:int* kingdomCards(int k1, int k2, int k3, int k4, int k5, int k6, int k7,
        -:   22:		  int k8, int k9, int k10) {
    #####:   23:  int* k = malloc(10 * sizeof(int));
    #####:   24:  k[0] = k1;
    #####:   25:  k[1] = k2;
    #####:   26:  k[2] = k3;
    #####:   27:  k[3] = k4;
    #####:   28:  k[4] = k5;
    #####:   29:  k[5] = k6;
    #####:   30:  k[6] = k7;
    #####:   31:  k[7] = k8;
    #####:   32:  k[8] = k9;
    #####:   33:  k[9] = k10;
    #####:   34:  return k;
        -:   35:}
        -:   36:
        1:   37:int initializeGame(int numPlayers, int kingdomCards[10], int randomSeed,
        -:   38:		   struct gameState *state) {
        -:   39:
        -:   40:  int i;
        -:   41:  int j;
        -:   42:  int it;			
        -:   43:  //set up random number generator
        1:   44:  SelectStream(1);
        1:   45:  PutSeed((long)randomSeed);
        -:   46:  
        -:   47:  //check number of players
        1:   48:  if (numPlayers > MAX_PLAYERS || numPlayers < 2)
        -:   49:    {
    #####:   50:      return -1;
        -:   51:    }
        -:   52:
        -:   53:  //set number of players
        1:   54:  state->numPlayers = numPlayers;
        -:   55:
        -:   56:  //check selected kingdom cards are different
       11:   57:  for (i = 0; i < 10; i++)
        -:   58:    {
      110:   59:      for (j = 0; j < 10; j++)
        -:   60:        {
      100:   61:	  if (j != i && kingdomCards[j] == kingdomCards[i])
        -:   62:	    {
    #####:   63:	      return -1;
        -:   64:	    }
        -:   65:        }
        -:   66:    }
        -:   67:
        -:   68:
        -:   69:  //initialize supply
        -:   70:  ///////////////////////////////
        -:   71:
        -:   72:  //set number of Curse cards
        1:   73:  if (numPlayers == 2)
        -:   74:    {
    #####:   75:      state->supplyCount[curse] = 10;
        -:   76:    }
        1:   77:  else if (numPlayers == 3)
        -:   78:    {
    #####:   79:      state->supplyCount[curse] = 20;
        -:   80:    }
        -:   81:  else
        -:   82:    {
        1:   83:      state->supplyCount[curse] = 30;
        -:   84:    }
        -:   85:
        -:   86:  //set number of Victory cards
        1:   87:  if (numPlayers == 2)
        -:   88:    {
    #####:   89:      state->supplyCount[estate] = 8;
    #####:   90:      state->supplyCount[duchy] = 8;
    #####:   91:      state->supplyCount[province] = 8;
        -:   92:    }
        -:   93:  else
        -:   94:    {
        1:   95:      state->supplyCount[estate] = 12;
        1:   96:      state->supplyCount[duchy] = 12;
        1:   97:      state->supplyCount[province] = 12;
        -:   98:    }
        -:   99:
        -:  100:  //set number of Treasure cards
        1:  101:  state->supplyCount[copper] = 60 - (7 * numPlayers);
        1:  102:  state->supplyCount[silver] = 40;
        1:  103:  state->supplyCount[gold] = 30;
        -:  104:
        -:  105:  //set number of Kingdom cards
       21:  106:  for (i = adventurer; i <= treasure_map; i++)       	//loop all cards
        -:  107:    {
      165:  108:      for (j = 0; j < 10; j++)           		//loop chosen cards
        -:  109:	{
      155:  110:	  if (kingdomCards[j] == i)
        -:  111:	    {
        -:  112:	      //check if card is a 'Victory' Kingdom card
       10:  113:	      if (kingdomCards[j] == great_hall || kingdomCards[j] == gardens)
        -:  114:		{
        4:  115:		  if (numPlayers == 2){ 
    #####:  116:		    state->supplyCount[i] = 8; 
        -:  117:		  }
        2:  118:		  else{ state->supplyCount[i] = 12; }
        -:  119:		}
        -:  120:	      else
        -:  121:		{
        8:  122:		  state->supplyCount[i] = 10;
        -:  123:		}
       10:  124:	      break;
        -:  125:	    }
        -:  126:	  else    //card is not in the set choosen for the game
        -:  127:	    {
      145:  128:	      state->supplyCount[i] = -1;
        -:  129:	    }
        -:  130:	}
        -:  131:
        -:  132:    }
        -:  133:
        -:  134:  ////////////////////////
        -:  135:  //supply intilization complete
        -:  136:
        -:  137:  //set player decks
        5:  138:  for (i = 0; i < numPlayers; i++)
        -:  139:    {
        4:  140:      state->deckCount[i] = 0;
       16:  141:      for (j = 0; j < 3; j++)
        -:  142:	{
       12:  143:	  state->deck[i][j] = estate;
       12:  144:	  state->deckCount[i]++;
        -:  145:	}
       32:  146:      for (j = 3; j < 10; j++)
        -:  147:	{
       28:  148:	  state->deck[i][j] = copper;
       28:  149:	  state->deckCount[i]++;		
        -:  150:	}
        -:  151:    }
        -:  152:
        -:  153:  //shuffle player decks
        5:  154:  for (i = 0; i < numPlayers; i++)
        -:  155:    {
        4:  156:      if ( shuffle(i, state) < 0 )
        -:  157:	{
    #####:  158:	  return -1;
        -:  159:	}
        -:  160:    }
        -:  161:
        -:  162:  //draw player hands
        5:  163:  for (i = 0; i < numPlayers; i++)
        -:  164:    {  
        -:  165:      //initialize hand size to zero
        4:  166:      state->handCount[i] = 0;
        4:  167:      state->discardCount[i] = 0;
        -:  168:      //draw 5 cards
        -:  169:      // for (j = 0; j < 5; j++)
        -:  170:      //	{
        -:  171:      //	  drawCard(i, state);
        -:  172:      //	}
        -:  173:    }
        -:  174:  
        -:  175:  //set embargo tokens to 0 for all supply piles
       28:  176:  for (i = 0; i <= treasure_map; i++)
        -:  177:    {
       27:  178:      state->embargoTokens[i] = 0;
        -:  179:    }
        -:  180:
        -:  181:  //initialize first player's turn
        1:  182:  state->outpostPlayed = 0;
        1:  183:  state->phase = 0;
        1:  184:  state->numActions = 1;
        1:  185:  state->numBuys = 1;
        1:  186:  state->playedCardCount = 0;
        1:  187:  state->whoseTurn = 0;
        1:  188:  state->handCount[state->whoseTurn] = 0;
        -:  189:  //int it; move to top
        -:  190:
        -:  191:  //Moved draw cards to here, only drawing at the start of a turn
        6:  192:  for (it = 0; it < 5; it++){
        5:  193:    drawCard(state->whoseTurn, state);
        -:  194:  }
        -:  195:
        1:  196:  updateCoins(state->whoseTurn, state, 0);
        -:  197:
        1:  198:  return 0;
        -:  199:}
        -:  200:
        4:  201:int shuffle(int player, struct gameState *state) {
        -:  202: 
        -:  203:
        -:  204:  int newDeck[MAX_DECK];
        4:  205:  int newDeckPos = 0;
        -:  206:  int card;
        -:  207:  int i;
        -:  208:
        4:  209:  if (state->deckCount[player] < 1)
    #####:  210:    return -1;
        4:  211:  qsort ((void*)(state->deck[player]), state->deckCount[player], sizeof(int), compare); 
        -:  212:  /* SORT CARDS IN DECK TO ENSURE DETERMINISM! */
        -:  213:
       48:  214:  while (state->deckCount[player] > 0) {
       40:  215:    card = floor(Random() * state->deckCount[player]);
       40:  216:    newDeck[newDeckPos] = state->deck[player][card];
       40:  217:    newDeckPos++;
      118:  218:    for (i = card; i < state->deckCount[player]-1; i++) {
       78:  219:      state->deck[player][i] = state->deck[player][i+1];
        -:  220:    }
       40:  221:    state->deckCount[player]--;
        -:  222:  }
       44:  223:  for (i = 0; i < newDeckPos; i++) {
       40:  224:    state->deck[player][i] = newDeck[i];
       40:  225:    state->deckCount[player]++;
        -:  226:  }
        -:  227:
        4:  228:  return 0;
        -:  229:}
        -:  230:
    #####:  231:int playCard(int handPos, int choice1, int choice2, int choice3, struct gameState *state) 
        -:  232:{	
        -:  233:  int card;
    #####:  234:  int coin_bonus = 0; 		//tracks coins gain from actions
        -:  235:
        -:  236:  //check if it is the right phase
    #####:  237:  if (state->phase != 0)
        -:  238:    {
    #####:  239:      return -1;
        -:  240:    }
        -:  241:	
        -:  242:  //check if player has enough actions
    #####:  243:  if ( state->numActions < 1 )
        -:  244:    {
    #####:  245:      return -1;
        -:  246:    }
        -:  247:	
        -:  248:  //get card played
    #####:  249:  card = handCard(handPos, state);
        -:  250:	
        -:  251:  //check if selected card is an action
    #####:  252:  if ( card < adventurer || card > treasure_map )
        -:  253:    {
    #####:  254:      return -1;
        -:  255:    }
        -:  256:	
        -:  257:  //play card
    #####:  258:  if ( cardEffect(card, choice1, choice2, choice3, state, handPos, &coin_bonus) < 0 )
        -:  259:    {
    #####:  260:      return -1;
        -:  261:    }
        -:  262:	
        -:  263:  //reduce number of actions
    #####:  264:  state->numActions--;
        -:  265:
        -:  266:  //update coins (Treasure cards may be added with card draws)
    #####:  267:  updateCoins(state->whoseTurn, state, coin_bonus);
        -:  268:	
    #####:  269:  return 0;
        -:  270:}
        -:  271:
    #####:  272:int buyCard(int supplyPos, struct gameState *state) {
        -:  273:  int who;
        -:  274:  if (DEBUG){
        -:  275:    printf("Entering buyCard...\n");
        -:  276:  }
        -:  277:
        -:  278:  // I don't know what to do about the phase thing.
        -:  279:
    #####:  280:  who = state->whoseTurn;
        -:  281:
    #####:  282:  if (state->numBuys < 1){
        -:  283:    if (DEBUG)
        -:  284:      printf("You do not have any buys left\n");
    #####:  285:    return -1;
    #####:  286:  } else if (supplyCount(supplyPos, state) <1){
        -:  287:    if (DEBUG)
        -:  288:      printf("There are not any of that type of card left\n");
    #####:  289:    return -1;
    #####:  290:  } else if (state->coins < getCost(supplyPos)){
        -:  291:    if (DEBUG) 
        -:  292:      printf("You do not have enough money to buy that. You have %d coins.\n", state->coins);
    #####:  293:    return -1;
        -:  294:  } else {
    #####:  295:    state->phase=1;
        -:  296:    //state->supplyCount[supplyPos]--;
    #####:  297:    gainCard(supplyPos, state, 0, who); //card goes in discard, this might be wrong.. (2 means goes into hand, 0 goes xinto discard)
        -:  298:  
    #####:  299:    state->coins = (state->coins) - (getCost(supplyPos));
    #####:  300:    state->numBuys--;
        -:  301:    if (DEBUG)
        -:  302:      printf("You bought card number %d for %d coins. You now have %d buys and %d coins.\n", supplyPos, getCost(supplyPos), state->numBuys, state->coins);
        -:  303:  }
        -:  304:
        -:  305:  //state->discard[who][state->discardCount[who]] = supplyPos;
        -:  306:  //state->discardCount[who]++;
        -:  307:    
    #####:  308:  return 0;
        -:  309:}
        -:  310:
    #####:  311:int numHandCards(struct gameState *state) {
    #####:  312:  return state->handCount[ whoseTurn(state) ];
        -:  313:}
        -:  314:
    #####:  315:int handCard(int handPos, struct gameState *state) {
    #####:  316:  int currentPlayer = whoseTurn(state);
    #####:  317:  return state->hand[currentPlayer][handPos];
        -:  318:}
        -:  319:
    #####:  320:int supplyCount(int card, struct gameState *state) {
    #####:  321:  return state->supplyCount[card];
        -:  322:}
        -:  323:
    #####:  324:int fullDeckCount(int player, int card, struct gameState *state) {
        -:  325:  int i;
    #####:  326:  int count = 0;
        -:  327:
    #####:  328:  for (i = 0; i < state->deckCount[player]; i++)
        -:  329:    {
    #####:  330:      if (state->deck[player][i] == card) count++;
        -:  331:    }
        -:  332:
    #####:  333:  for (i = 0; i < state->handCount[player]; i++)
        -:  334:    {
    #####:  335:      if (state->hand[player][i] == card) count++;
        -:  336:    }
        -:  337:
    #####:  338:  for (i = 0; i < state->discardCount[player]; i++)
        -:  339:    {
    #####:  340:      if (state->discard[player][i] == card) count++;
        -:  341:    }
        -:  342:
    #####:  343:  return count;
        -:  344:}
        -:  345:
        1:  346:int whoseTurn(struct gameState *state) {
        1:  347:  return state->whoseTurn;
        -:  348:}
        -:  349:
    #####:  350:int endTurn(struct gameState *state) {
        -:  351:  int k;
        -:  352:  int i;
    #####:  353:  int currentPlayer = whoseTurn(state);
        -:  354:  
        -:  355:  //Discard hand
    #####:  356:  for (i = 0; i < state->handCount[currentPlayer]; i++){
    #####:  357:    state->discard[currentPlayer][state->discardCount[currentPlayer]++] = state->hand[currentPlayer][i];//Discard
    #####:  358:    state->hand[currentPlayer][i] = -1;//Set card to -1
        -:  359:  }
    #####:  360:  state->handCount[currentPlayer] = 0;//Reset hand count
        -:  361:    
        -:  362:  //Code for determining the player
    #####:  363:  if (currentPlayer < (state->numPlayers - 1)){ 
    #####:  364:    state->whoseTurn = currentPlayer + 1;//Still safe to increment
        -:  365:  }
        -:  366:  else{
    #####:  367:    state->whoseTurn = 0;//Max player has been reached, loop back around to player 1
        -:  368:  }
        -:  369:
    #####:  370:  state->outpostPlayed = 0;
    #####:  371:  state->phase = 0;
    #####:  372:  state->numActions = 1;
    #####:  373:  state->coins = 0;
    #####:  374:  state->numBuys = 1;
    #####:  375:  state->playedCardCount = 0;
    #####:  376:  state->handCount[state->whoseTurn] = 0;
        -:  377:
        -:  378:  //int k; move to top
        -:  379:  //Next player draws hand
    #####:  380:  for (k = 0; k < 5; k++){
    #####:  381:    drawCard(state->whoseTurn, state);//Draw a card
        -:  382:  }
        -:  383:
        -:  384:  //Update money
    #####:  385:  updateCoins(state->whoseTurn, state , 0);
        -:  386:
    #####:  387:  return 0;
        -:  388:}
        -:  389:
    #####:  390:int isGameOver(struct gameState *state) {
        -:  391:  int i;
        -:  392:  int j;
        -:  393:	
        -:  394:  //if stack of Province cards is empty, the game ends
    #####:  395:  if (state->supplyCount[province] == 0)
        -:  396:    {
    #####:  397:      return 1;
        -:  398:    }
        -:  399:
        -:  400:  //if three supply pile are at 0, the game ends
    #####:  401:  j = 0;
    #####:  402:  for (i = 0; i < 25; i++)
        -:  403:    {
    #####:  404:      if (state->supplyCount[i] == 0)
        -:  405:	{
    #####:  406:	  j++;
        -:  407:	}
        -:  408:    }
    #####:  409:  if ( j >= 3)
        -:  410:    {
    #####:  411:      return 1;
        -:  412:    }
        -:  413:
    #####:  414:  return 0;
        -:  415:}
        -:  416:
    #####:  417:int scoreFor (int player, struct gameState *state) {
        -:  418:
        -:  419:  int i;
    #####:  420:  int score = 0;
        -:  421:  //score from hand
    #####:  422:  for (i = 0; i < state->handCount[player]; i++)
        -:  423:    {
    #####:  424:      if (state->hand[player][i] == curse) { score = score - 1; };
    #####:  425:      if (state->hand[player][i] == estate) { score = score + 1; };
    #####:  426:      if (state->hand[player][i] == duchy) { score = score + 3; };
    #####:  427:      if (state->hand[player][i] == province) { score = score + 6; };
    #####:  428:      if (state->hand[player][i] == great_hall) { score = score + 1; };
    #####:  429:      if (state->hand[player][i] == gardens) { score = score + ( fullDeckCount(player, 0, state) / 10 ); };
        -:  430:    }
        -:  431:
        -:  432:  //score from discard
    #####:  433:  for (i = 0; i < state->discardCount[player]; i++)
        -:  434:    {
    #####:  435:      if (state->discard[player][i] == curse) { score = score - 1; };
    #####:  436:      if (state->discard[player][i] == estate) { score = score + 1; };
    #####:  437:      if (state->discard[player][i] == duchy) { score = score + 3; };
    #####:  438:      if (state->discard[player][i] == province) { score = score + 6; };
    #####:  439:      if (state->discard[player][i] == great_hall) { score = score + 1; };
    #####:  440:      if (state->discard[player][i] == gardens) { score = score + ( fullDeckCount(player, 0, state) / 10 ); };
        -:  441:    }
        -:  442:
        -:  443:  //score from deck
    #####:  444:  for (i = 0; i < state->discardCount[player]; i++)
        -:  445:    {
    #####:  446:      if (state->deck[player][i] == curse) { score = score - 1; };
    #####:  447:      if (state->deck[player][i] == estate) { score = score + 1; };
    #####:  448:      if (state->deck[player][i] == duchy) { score = score + 3; };
    #####:  449:      if (state->deck[player][i] == province) { score = score + 6; };
    #####:  450:      if (state->deck[player][i] == great_hall) { score = score + 1; };
    #####:  451:      if (state->deck[player][i] == gardens) { score = score + ( fullDeckCount(player, 0, state) / 10 ); };
        -:  452:    }
        -:  453:
    #####:  454:  return score;
        -:  455:}
        -:  456:
    #####:  457:int getWinners(int players[MAX_PLAYERS], struct gameState *state) {
        -:  458:  int i;	
        -:  459:  int j;
        -:  460:  int highScore;
        -:  461:  int currentPlayer;
        -:  462:
        -:  463:  //get score for each player
    #####:  464:  for (i = 0; i < MAX_PLAYERS; i++)
        -:  465:    {
        -:  466:      //set unused player scores to -9999
    #####:  467:      if (i >= state->numPlayers)
        -:  468:	{
    #####:  469:	  players[i] = -9999;
        -:  470:	}
        -:  471:      else
        -:  472:	{
    #####:  473:	  players[i] = scoreFor (i, state);
        -:  474:	}
        -:  475:    }
        -:  476:
        -:  477:  //find highest score
    #####:  478:  j = 0;
    #####:  479:  for (i = 0; i < MAX_PLAYERS; i++)
        -:  480:    {
    #####:  481:      if (players[i] > players[j])
        -:  482:	{
    #####:  483:	  j = i;
        -:  484:	}
        -:  485:    }
    #####:  486:  highScore = players[j];
        -:  487:
        -:  488:  //add 1 to players who had less turns
    #####:  489:  currentPlayer = whoseTurn(state);
    #####:  490:  for (i = 0; i < MAX_PLAYERS; i++)
        -:  491:    {
    #####:  492:      if ( players[i] == highScore && i > currentPlayer )
        -:  493:	{
    #####:  494:	  players[i]++;
        -:  495:	}
        -:  496:    }
        -:  497:
        -:  498:  //find new highest score
    #####:  499:  j = 0;
    #####:  500:  for (i = 0; i < MAX_PLAYERS; i++)
        -:  501:    {
    #####:  502:      if ( players[i] > players[j] )
        -:  503:	{
    #####:  504:	  j = i;
        -:  505:	}
        -:  506:    }
    #####:  507:  highScore = players[j];
        -:  508:
        -:  509:  //set winners in array to 1 and rest to 0
    #####:  510:  for (i = 0; i < MAX_PLAYERS; i++)
        -:  511:    {
    #####:  512:      if ( players[i] == highScore )
        -:  513:	{
    #####:  514:	  players[i] = 1;
        -:  515:	}
        -:  516:      else
        -:  517:	{
    #####:  518:	  players[i] = 0;
        -:  519:	}
        -:  520:    }
        -:  521:
    #####:  522:  return 0;
        -:  523:}
        -:  524:
        5:  525:int drawCard(int player, struct gameState *state)
        -:  526:{	int count;
        -:  527:  int deckCounter;
        5:  528:  if (state->deckCount[player] <= 0){//Deck is empty
        -:  529:    
        -:  530:    //Step 1 Shuffle the discard pile back into a deck
        -:  531:    int i;
        -:  532:    //Move discard to deck
    #####:  533:    for (i = 0; i < state->discardCount[player];i++){
    #####:  534:      state->deck[player][i] = state->discard[player][i];
    #####:  535:      state->discard[player][i] = -1;
        -:  536:    }
        -:  537:
    #####:  538:    state->deckCount[player] = state->discardCount[player];
    #####:  539:    state->discardCount[player] = 0;//Reset discard
        -:  540:
        -:  541:    //Shufffle the deck
    #####:  542:    shuffle(player, state);//Shuffle the deck up and make it so that we can draw
        -:  543:   
        -:  544:    if (DEBUG){//Debug statements
        -:  545:      printf("Deck count now: %d\n", state->deckCount[player]);
        -:  546:    }
        -:  547:    
    #####:  548:    state->discardCount[player] = 0;
        -:  549:
        -:  550:    //Step 2 Draw Card
    #####:  551:    count = state->handCount[player];//Get current player's hand count
        -:  552:    
        -:  553:    if (DEBUG){//Debug statements
        -:  554:      printf("Current hand count: %d\n", count);
        -:  555:    }
        -:  556:    
    #####:  557:    deckCounter = state->deckCount[player];//Create a holder for the deck count
        -:  558:
    #####:  559:    if (deckCounter == 0)
    #####:  560:      return -1;
        -:  561:
    #####:  562:    state->hand[player][count] = state->deck[player][deckCounter - 1];//Add card to hand
    #####:  563:    state->deckCount[player]--;
    #####:  564:    state->handCount[player]++;//Increment hand count
        -:  565:  }
        -:  566:
        -:  567:  else{
        5:  568:    int count = state->handCount[player];//Get current hand count for player
        -:  569:    int deckCounter;
        -:  570:    if (DEBUG){//Debug statements
        -:  571:      printf("Current hand count: %d\n", count);
        -:  572:    }
        -:  573:
        5:  574:    deckCounter = state->deckCount[player];//Create holder for the deck count
        5:  575:    state->hand[player][count] = state->deck[player][deckCounter - 1];//Add card to the hand
        5:  576:    state->deckCount[player]--;
        5:  577:    state->handCount[player]++;//Increment hand count
        -:  578:  }
        -:  579:
        5:  580:  return 0;
        -:  581:}
        -:  582:
    #####:  583:int getCost(int cardNumber)
        -:  584:{
    #####:  585:  switch( cardNumber ) 
        -:  586:    {
        -:  587:    case curse:
    #####:  588:      return 0;
        -:  589:    case estate:
    #####:  590:      return 2;
        -:  591:    case duchy:
    #####:  592:      return 5;
        -:  593:    case province:
    #####:  594:      return 8;
        -:  595:    case copper:
    #####:  596:      return 0;
        -:  597:    case silver:
    #####:  598:      return 3;
        -:  599:    case gold:
    #####:  600:      return 6;
        -:  601:    case adventurer:
    #####:  602:      return 6;
        -:  603:    case council_room:
    #####:  604:      return 5;
        -:  605:    case feast:
    #####:  606:      return 4;
        -:  607:    case gardens:
    #####:  608:      return 4;
        -:  609:    case mine:
    #####:  610:      return 5;
        -:  611:    case remodel:
    #####:  612:      return 4;
        -:  613:    case smithy:
    #####:  614:      return 4;
        -:  615:    case village:
    #####:  616:      return 3;
        -:  617:    case baron:
    #####:  618:      return 4;
        -:  619:    case great_hall:
    #####:  620:      return 3;
        -:  621:    case minion:
    #####:  622:      return 5;
        -:  623:    case steward:
    #####:  624:      return 3;
        -:  625:    case tribute:
    #####:  626:      return 5;
        -:  627:    case ambassador:
    #####:  628:      return 3;
        -:  629:    case cutpurse:
    #####:  630:      return 4;
        -:  631:    case embargo: 
    #####:  632:      return 2;
        -:  633:    case outpost:
    #####:  634:      return 5;
        -:  635:    case salvager:
    #####:  636:      return 4;
        -:  637:    case sea_hag:
    #####:  638:      return 4;
        -:  639:    case treasure_map:
    #####:  640:      return 4;
        -:  641:    }
        -:  642:	
    #####:  643:  return -1;
        -:  644:}
        -:  645://////
    #####:  646: int selectCardAndPeformActions(int card, int choice1, int choice2, int choice3, struct gameState *state, int handPos, int *bonus,int cardDrawn,int *temphand,int z2,int i2)
        -:  647: {
    #####:  648:  int currentPlayer = whoseTurn(state); 
        -:  649:  int result;
        -:  650://  printf("current player in select is %i ",currentPlayer);
    #####:  651:	result = -1;
    #####:  652:  	if (card == adventurer)
        -:  653:	{
    #####:  654:		result = peformAdventurerActions(card, choice1, choice2, choice3, state, handPos, currentPlayer,cardDrawn,*temphand,z2,i2);
    #####:  655:	} else if (card == smithy)
        -:  656:	{
    #####:  657:		result = peformsmithyActions(card, choice1, choice2, choice3, state, handPos, currentPlayer,cardDrawn,*temphand,z2,i2);
    #####:  658:	} else if  (card == baron)
        -:  659:	{
        -:  660:	//	printf("current playa just before performbaron call: %i ",currentPlayer);
    #####:  661:		result = peformBaronActions(card, choice1, choice2, choice3, state, handPos,currentPlayer ,cardDrawn,*temphand,z2,i2);
        -:  662:	
    #####:  663:	} else if  (card == salvager)
        -:  664:	{
    #####:  665:		result = peformSalvagerActions(card, choice1, choice2, choice3, state, handPos,currentPlayer,cardDrawn,*temphand,z2,i2);
        -:  666:
    #####:  667:	} else if  (card == sea_hag)
        -:  668:	{
    #####:  669:		result = peformSeaHagctions(card, choice1, choice2, choice3, state, handPos, currentPlayer,cardDrawn,*temphand,z2,i2);
        -:  670:
        -:  671:	}
    #####:  672:	return result;
        -:  673: }
        -:  674:
        -:  675:///////
        -:  676: ///////
    #####:  677: peformAdventurerActions(int card, int choice1, int choice2, int choice3, struct gameState *state, int handPos, int *bonus, int drawntreasure,int currentPlayer,int cardDrawn,int temphand[],int z3,int i3)
        -:  678: {
    #####:  679: while(drawntreasure<2){
        -:  680:     
    #####:  681:	if (state->deckCount[currentPlayer] <=1){//if the deck is empty we need to shuffle discard and add to deck
    #####:  682:	  shuffle(currentPlayer, state);
        -:  683:	}
    #####:  684:	drawCard(currentPlayer, state);
    #####:  685:	cardDrawn = state->hand[currentPlayer][state->handCount[currentPlayer]-1];//top card of hand is most recently drawn card.
    #####:  686:	if (cardDrawn == copper || cardDrawn == silver || cardDrawn == gold)
    #####:  687:	  drawntreasure++;
        -:  688:	else{
    #####:  689:	  temphand[z3]=cardDrawn;
    #####:  690:	  state->handCount[currentPlayer]--; //this should just remove the top card (the most recently drawn one).
    #####:  691:	  z3++;
        -:  692:	}
        -:  693:}
    #####:  694:while(z3-1>=0){
    #####:  695:	state->discard[currentPlayer][state->discardCount[currentPlayer]++]=temphand[z3-1]; // discard all cards in play that have been drawn
    #####:  696:	z3=z3-1;
        -:  697:  }
    #####:  698:  return 0;
        -:  699:}		
        -:  700://///////////////////////
    #####:  701: peformsmithyActions(int card, int choice1, int choice2, int choice3, struct gameState *state, int handPos, int *bonus, int drawntreasure,int currentPlayer,int cardDrawn,int temphand[],int z3,int i3)
        -:  702: {
        -:  703:      //+3 Cards
    #####:  704:      for (i3 = 0; i3 < 3; i3++)
        -:  705:  {
    #####:  706:    drawCard(currentPlayer, state);
        -:  707:  }
        -:  708:      
        -:  709:      //discard card from hand
    #####:  710:      discardCard(handPos, currentPlayer, state, 0);
    #####:  711:      return -1;
        -:  712: }
        -:  713: 
        -:  714://  ////////////////////////////
        -:  715:
        -:  716:////////////////////////////////
    #####:  717: peformBaronActions(int card, int choice1, int choice2, int choice3, struct gameState *state, int handPos, int currentPlayer, int drawntreasure,int currentPlayer2,int cardDrawn,int temphand[],int z3,int i3)
        -:  718: {
        -:  719:     
    #####:  720:     printf("choice 1 is %i",choice1);
    #####:  721:     printf("current player in pefformBaron is %i ",currentPlayer);
        -:  722: 
    #####:  723:     state->numBuys++;//Increase buys by 1!
        -:  724:    // return -1;
    #####:  725:     if (choice1 > 0){//Boolean true or going to discard an estate
    #####:  726:	int p = 0;//Iterator for hand!
    #####:  727:	int card_not_discarded = 1;//Flag for discard set!
    #####:  728:	while(card_not_discarded){
    #####:  729:	  if (state->hand[currentPlayer][p] == estate){//Found an estate card!
    #####:  730:	    state->coins += 4;//Add 4 coins to the amount of coins
    #####:  731:	    state->discard[currentPlayer][state->discardCount[currentPlayer]] = state->hand[currentPlayer][p];
    #####:  732:	    state->discardCount[currentPlayer]++;
    #####:  733:	    for (;p < state->handCount[currentPlayer]; p++){
    #####:  734:	      state->hand[currentPlayer][p] = state->hand[currentPlayer][p+1];
        -:  735:	    }
    #####:  736:	    state->hand[currentPlayer][state->handCount[currentPlayer]] = -1;
    #####:  737:	    state->handCount[currentPlayer]--;
    #####:  738:	    card_not_discarded = 0;//Exit the loop
        -:  739:	  }
        -:  740://fake	return -1;
        -:  741://fake }
        -:  742://fkse}
        -:  743:
        -:  744:	
    #####:  745:	  else if (p > state->handCount[currentPlayer]){
        -:  746:	    if(DEBUG) {
        -:  747:	      printf("No estate cards in your hand, invalid choice\n");
        -:  748:	      printf("Must gain an estate if there are any\n");
        -:  749:	    }
    #####:  750:	    if (supplyCount(estate, state) > 0){
    #####:  751:	       gainCard(estate, state, 0, currentPlayer);
    #####:  752:	      state->supplyCount[estate]--;//Decrement estates
    #####:  753:	      if (supplyCount(estate, state) == 0){
    #####:  754:		isGameOver(state);
        -:  755:	      }
        -:  756:	    }
    #####:  757:	    card_not_discarded = 0;//Exit the loop
        -:  758:	  }
        -:  759:			    
        -:  760:	  else{
    #####:  761:	    p++;//Next card
        -:  762:	  }
        -:  763:	}
        -:  764:      }
        -:  765:			    
        -:  766:      else{
    #####:  767:	if (supplyCount(estate, state) > 0){
    #####:  768:	printf("estate= %i currentplayer=%i",estate,currentPlayer); 
    #####:  769:	gainCard(estate, state, 0, currentPlayer);//Gain an estate
    #####:  770:	  state->supplyCount[estate]--;//Decrement Estates
    #####:  771:	  if (supplyCount(estate, state) == 0){
    #####:  772:	    isGameOver(state);
        -:  773:	  }
        -:  774:	}
        -:  775:     }
        -:  776:	    
        -:  777:      
    #####:  778:      return 0;
        -:  779: 
        -:  780: 
        -:  781:}
        -:  782:// ////////////////////////////////
    #####:  783:peformSalvagerActions(int card, int choice1, int choice2, int choice3, struct gameState *state, int handPos, int *bonus, int drawntreasure,int currentPlayer,int cardDrawn,int temphand[],int z3,int i3)
        -:  784:{
        -:  785:      //+1 buy
    #####:  786:      state->numBuys++;
        -:  787:			
    #####:  788:      if (choice1)
        -:  789:	{
        -:  790:	  //gain coins equal to trashed card
    #####:  791:	  state->coins = state->coins + getCost( handCard(choice1, state) );
        -:  792:	  //trash card
    #####:  793:	  discardCard(choice1, currentPlayer, state, 1);	
        -:  794:	}
        -:  795:			
        -:  796:      //discard card
    #####:  797:      discardCard(handPos, currentPlayer, state, 0);
    #####:  798:      return 0;
        -:  799:
        -:  800:
        -:  801:}
        -:  802:
        -:  803:// ///////////////////////
        -:  804:
        1:  805:peformSeaHagctions(int card, int choice1, int choice2, int choice3, struct gameState *state, int handPos, int *bonus, int drawntreasure,int currentPlayer,int cardDrawn,int temphand[],int z3,int i3)
        -:  806:{
        5:  807:      for (i3 = 0; i3 < state->numPlayers; i3++){
        4:  808:	if (i3 == currentPlayer){
        1:  809:	  state->discard[i3][state->discardCount[i3]] = state->deck[i3][state->deckCount[i3]--];			    state->deckCount[i3]--;
        1:  810:	  state->discardCount[i3]++;
        1:  811:	  state->deck[i3][state->deckCount[i3]--] = curse;//Top card now a curse
        -:  812:	}
        -:  813:      }
        1:  814:      return 0;
        -:  815:
        -:  816:
        -:  817:}
        -:  818:///////
    #####:  819:int cardEffect(int card, int choice1, int choice2, int choice3, struct gameState *state, int handPos, int *bonus)
        -:  820:{
        -:  821:  int i;
        -:  822:  int j;
        -:  823:  int k;
        -:  824:  int x;
        -:  825:  int index;
    #####:  826:  int currentPlayer = whoseTurn(state);
    #####:  827:  int nextPlayer = currentPlayer + 1;
        -:  828:
    #####:  829:  int tributeRevealedCards[2] = {-1, -1};
        -:  830:  int temphand[MAX_HAND];// moved above the if statement
    #####:  831:  int drawntreasure=0;
        -:  832:  int cardDrawn;
    #####:  833:  int z = 0;// this is the counter for the temp hand
        -:  834:  
        -:  835:  
    #####:  836:  if (nextPlayer > (state->numPlayers - 1)){
    #####:  837:    nextPlayer = 0;
        -:  838:  }
        -:  839:  
        -:  840://////////////////
        -:  841:
    #####:  842:  if (selectCardAndPeformActions(card, choice1, choice2, choice3, state, handPos, bonus,cardDrawn, temphand,z,i) > -1)
        -:  843:  {
    #####:  844:    return 0;  //refactored method used, so skip out of the rest of cardEffect method  
        -:  845:  }
        -:  846:
        -:  847://///////////	
        -:  848:  //uses switch to select card and perform actions
    #####:  849:  switch( card ) 
        -:  850:    {
        -:  851://adventerur
        -:  852:	////////		
        -:  853:    case feast:
        -:  854:      //gain card with cost up to 5
        -:  855:      //Backup hand
    #####:  856:      for (i = 0; i <= state->handCount[currentPlayer]; i++){
    #####:  857:	temphand[i] = state->hand[currentPlayer][i];//Backup card
    #####:  858:	state->hand[currentPlayer][i] = -1;//Set to nothing
        -:  859:      }
        -:  860:      //Backup hand
        -:  861:
        -:  862:      //Update Coins for Buy
    #####:  863:      updateCoins(currentPlayer, state, 5);
    #####:  864:      x = 1;//Condition to loop on
    #####:  865:      while( x == 1) {//Buy one card
    #####:  866:	if (supplyCount(choice1, state) <= 0){
        -:  867:	  if (DEBUG)
        -:  868:	    printf("None of that card left, sorry!\n");
        -:  869:
        -:  870:	  if (DEBUG){
        -:  871:	    printf("Cards Left: %d\n", supplyCount(choice1, state));
        -:  872:	  }
        -:  873:	}
    #####:  874:	else if (state->coins < getCost(choice1)){
    #####:  875:	  printf("That card is too expensive!\n");
        -:  876:
        -:  877:	  if (DEBUG){
        -:  878:	    printf("Coins: %d < %d\n", state->coins, getCost(choice1));
        -:  879:	  }
        -:  880:	}
        -:  881:	else{
        -:  882:
        -:  883:	  if (DEBUG){
        -:  884:	    printf("Deck Count: %d\n", state->handCount[currentPlayer] + state->deckCount[currentPlayer] + state->discardCount[currentPlayer]);
        -:  885:	  }
        -:  886:
    #####:  887:	  gainCard(choice1, state, 0, currentPlayer);//Gain the card
    #####:  888:	  x = 0;//No more buying cards
        -:  889:
        -:  890:	  if (DEBUG){
        -:  891:	    printf("Deck Count: %d\n", state->handCount[currentPlayer] + state->deckCount[currentPlayer] + state->discardCount[currentPlayer]);
        -:  892:	  }
        -:  893:
        -:  894:	}
        -:  895:      }     
        -:  896:
        -:  897:      //Reset Hand
    #####:  898:      for (i = 0; i <= state->handCount[currentPlayer]; i++){
    #####:  899:	state->hand[currentPlayer][i] = temphand[i];
    #####:  900:	temphand[i] = -1;
        -:  901:      }
        -:  902:      //Reset Hand
        -:  903:      			
    #####:  904:      return 0;
        -:  905:			
        -:  906:    case gardens:
    #####:  907:      return -1;
        -:  908:			
        -:  909:    case mine:
    #####:  910:      j = state->hand[currentPlayer][choice1];  //store card we will trash
        -:  911:
    #####:  912:      if (state->hand[currentPlayer][choice1] < copper || state->hand[currentPlayer][choice1] > gold)
        -:  913:	{
    #####:  914:	  return -1;
        -:  915:	}
        -:  916:		
    #####:  917:      if (choice2 > treasure_map || choice2 < curse)
        -:  918:	{
    #####:  919:	  return -1;
        -:  920:	}
        -:  921:
    #####:  922:      if ( (getCost(state->hand[currentPlayer][choice1]) + 3) > getCost(choice2) )
        -:  923:	{
    #####:  924:	  return -1;
        -:  925:	}
        -:  926:
    #####:  927:      gainCard(choice2, state, 2, currentPlayer);
        -:  928:
        -:  929:      //discard card from hand
    #####:  930:      discardCard(handPos, currentPlayer, state, 0);
        -:  931:
        -:  932:      //discard trashed card
    #####:  933:      for (i = 0; i < state->handCount[currentPlayer]; i++)
        -:  934:	{
    #####:  935:	  if (state->hand[currentPlayer][i] == j)
        -:  936:	    {
    #####:  937:	      discardCard(i, currentPlayer, state, 0);			
    #####:  938:	      break;
        -:  939:	    }
        -:  940:	}
        -:  941:			
    #####:  942:      return 0;
        -:  943:			
        -:  944:    case remodel:
    #####:  945:      j = state->hand[currentPlayer][choice1];  //store card we will trash
        -:  946:
    #####:  947:      if ( (getCost(state->hand[currentPlayer][choice1]) + 2) > getCost(choice2) )
        -:  948:	{
    #####:  949:	  return -1;
        -:  950:	}
        -:  951:
    #####:  952:      gainCard(choice2, state, 0, currentPlayer);
        -:  953:
        -:  954:      //discard card from hand
    #####:  955:      discardCard(handPos, currentPlayer, state, 0);
        -:  956:
        -:  957:      //discard trashed card
    #####:  958:      for (i = 0; i < state->handCount[currentPlayer]; i++)
        -:  959:	{
    #####:  960:	  if (state->hand[currentPlayer][i] == j)
        -:  961:	    {
    #####:  962:	      discardCard(i, currentPlayer, state, 0);			
    #####:  963:	      break;
        -:  964:	    }
        -:  965:	}
        -:  966:
        -:  967:
    #####:  968:      return 0;
        -:  969://///////////////////smithy		
        -:  970://////////////////////baron		
        -:  971:
        -:  972://////////////////////baron		
        -:  973:		
        -:  974:    case great_hall:
        -:  975:      //+1 Card
    #####:  976:      drawCard(currentPlayer, state);
        -:  977:			
        -:  978:      //+1 Actions
    #####:  979:      state->numActions++;
        -:  980:			
        -:  981:      //discard card from hand
    #####:  982:      discardCard(handPos, currentPlayer, state, 0);
    #####:  983:      return 0;
        -:  984:		
        -:  985:    case minion:
        -:  986:      //+1 action
    #####:  987:      state->numActions++;
        -:  988:			
        -:  989:      //discard card from hand
    #####:  990:      discardCard(handPos, currentPlayer, state, 0);
        -:  991:			
    #####:  992:      if (choice1)		//+2 coins
        -:  993:	{
    #####:  994:	  state->coins = state->coins + 2;
        -:  995:	}
        -:  996:			
    #####:  997:      else if (choice2)		//discard hand, redraw 4, other players with 5+ cards discard hand and draw 4
        -:  998:	{
        -:  999:	  //discard hand
    #####: 1000:	  while(numHandCards(state) > 0)
        -: 1001:	    {
    #####: 1002:	      discardCard(handPos, currentPlayer, state, 0);
        -: 1003:	    }
        -: 1004:				
        -: 1005:	  //draw 4
    #####: 1006:	  for (i = 0; i < 4; i++)
        -: 1007:	    {
    #####: 1008:	      drawCard(currentPlayer, state);
        -: 1009:	    }
        -: 1010:				
        -: 1011:	  //other players discard hand and redraw if hand size > 4
    #####: 1012:	  for (i = 0; i < state->numPlayers; i++)
        -: 1013:	    {
    #####: 1014:	      if (i != currentPlayer)
        -: 1015:		{
    #####: 1016:		  if ( state->handCount[i] > 4 )
        -: 1017:		    {
        -: 1018:		      //discard hand
    #####: 1019:		      while( state->handCount[i] > 0 )
        -: 1020:			{
    #####: 1021:			  discardCard(handPos, i, state, 0);
        -: 1022:			}
        -: 1023:							
        -: 1024:		      //draw 4
    #####: 1025:		      for (j = 0; j < 4; j++)
        -: 1026:			{
    #####: 1027:			  drawCard(i, state);
        -: 1028:			}
        -: 1029:		    }
        -: 1030:		}
        -: 1031:	    }
        -: 1032:				
        -: 1033:	}
    #####: 1034:      return 0;
        -: 1035:		
        -: 1036:    case steward:
    #####: 1037:      if (choice1 == 1)
        -: 1038:	{
        -: 1039:	  //+2 cards
    #####: 1040:	  drawCard(currentPlayer, state);
    #####: 1041:	  drawCard(currentPlayer, state);
        -: 1042:	}
    #####: 1043:      else if (choice1 == 2)
        -: 1044:	{
        -: 1045:	  //+2 coins
    #####: 1046:	  state->coins = state->coins + 2;
        -: 1047:	}
        -: 1048:      else
        -: 1049:	{
        -: 1050:	  //trash 2 cards in hand
    #####: 1051:	  discardCard(choice2, currentPlayer, state, 1);
    #####: 1052:	  discardCard(choice3, currentPlayer, state, 1);
        -: 1053:	}
        -: 1054:			
        -: 1055:      //discard card from hand
    #####: 1056:      discardCard(handPos, currentPlayer, state, 0);
    #####: 1057:      return 0;
        -: 1058:		
        -: 1059:    case tribute:
    #####: 1060:      if ((state->discardCount[nextPlayer] + state->deckCount[nextPlayer]) <= 1){
    #####: 1061:	if (state->deckCount[nextPlayer] > 0){
    #####: 1062:	  tributeRevealedCards[0] = state->deck[nextPlayer][state->deckCount[nextPlayer]-1];
    #####: 1063:	  state->deckCount[nextPlayer]--;
        -: 1064:	}
    #####: 1065:	else if (state->discardCount[nextPlayer] > 0){
    #####: 1066:	  tributeRevealedCards[0] = state->discard[nextPlayer][state->discardCount[nextPlayer]-1];
    #####: 1067:	  state->discardCount[nextPlayer]--;
        -: 1068:	}
        -: 1069:	else{
        -: 1070:	  //No Card to Reveal
        -: 1071:	  if (DEBUG){
        -: 1072:	    printf("No cards to reveal\n");
        -: 1073:	  }
        -: 1074:	}
        -: 1075:      }
        -: 1076:	    
        -: 1077:      else{
    #####: 1078:	if (state->deckCount[nextPlayer] == 0){
    #####: 1079:	  for (i = 0; i < state->discardCount[nextPlayer]; i++){
    #####: 1080:	    state->deck[nextPlayer][i] = state->discard[nextPlayer][i];//Move to deck
    #####: 1081:	    state->deckCount[nextPlayer]++;
    #####: 1082:	    state->discard[nextPlayer][i] = -1;
    #####: 1083:	    state->discardCount[nextPlayer]--;
        -: 1084:	  }
        -: 1085:			    
    #####: 1086:	  shuffle(nextPlayer,state);//Shuffle the deck
        -: 1087:	} 
    #####: 1088:	tributeRevealedCards[0] = state->deck[nextPlayer][state->deckCount[nextPlayer]-1];
    #####: 1089:	state->deck[nextPlayer][state->deckCount[nextPlayer]--] = -1;
    #####: 1090:	state->deckCount[nextPlayer]--;
    #####: 1091:	tributeRevealedCards[1] = state->deck[nextPlayer][state->deckCount[nextPlayer]-1];
    #####: 1092:	state->deck[nextPlayer][state->deckCount[nextPlayer]--] = -1;
    #####: 1093:	state->deckCount[nextPlayer]--;
        -: 1094:      }    
        -: 1095:		       
    #####: 1096:      if (tributeRevealedCards[0] == tributeRevealedCards[1]){//If we have a duplicate card, just drop one 
    #####: 1097:	state->playedCards[state->playedCardCount] = tributeRevealedCards[1];
    #####: 1098:	state->playedCardCount++;
    #####: 1099:	tributeRevealedCards[1] = -1;
        -: 1100:      }
        -: 1101:
    #####: 1102:      for (i = 0; i <= 2; i ++){
    #####: 1103:	if (tributeRevealedCards[i] == copper || tributeRevealedCards[i] == silver || tributeRevealedCards[i] == gold){//Treasure cards
    #####: 1104:	  state->coins += 2;
        -: 1105:	}
        -: 1106:		    
    #####: 1107:	else if (tributeRevealedCards[i] == estate || tributeRevealedCards[i] == duchy || tributeRevealedCards[i] == province || tributeRevealedCards[i] == gardens || tributeRevealedCards[i] == great_hall){//Victory Card Found
    #####: 1108:	  drawCard(currentPlayer, state);
    #####: 1109:	  drawCard(currentPlayer, state);
        -: 1110:	}
        -: 1111:	else{//Action Card
    #####: 1112:	  state->numActions = state->numActions + 2;
        -: 1113:	}
        -: 1114:      }
        -: 1115:	    
    #####: 1116:      return 0;
        -: 1117:		
        -: 1118:    case ambassador:
    #####: 1119:      j = 0;		//used to check if player has enough cards to discard
        -: 1120:
    #####: 1121:      if (choice2 > 2 || choice2 < 0)
        -: 1122:	{
    #####: 1123:	  return -1;				
        -: 1124:	}
        -: 1125:
    #####: 1126:      if (choice1 == handPos)
        -: 1127:	{
    #####: 1128:	  return -1;
        -: 1129:	}
        -: 1130:
    #####: 1131:      for (i = 0; i < state->handCount[currentPlayer]; i++)
        -: 1132:	{
    #####: 1133:	  if (i != handPos && i == state->hand[currentPlayer][choice1] && i != choice1)
        -: 1134:	    {
    #####: 1135:	      j++;
        -: 1136:	    }
        -: 1137:	}
    #####: 1138:      if (j < choice2)
        -: 1139:	{
    #####: 1140:	  return -1;				
        -: 1141:	}
        -: 1142:
        -: 1143:      if (DEBUG) 
        -: 1144:	printf("Player %d reveals card number: %d\n", currentPlayer, state->hand[currentPlayer][choice1]);
        -: 1145:
        -: 1146:      //increase supply count for choosen card by amount being discarded
    #####: 1147:      state->supplyCount[state->hand[currentPlayer][choice1]] += choice2;
        -: 1148:			
        -: 1149:      //each other player gains a copy of revealed card
    #####: 1150:      for (i = 0; i < state->numPlayers; i++)
        -: 1151:	{
    #####: 1152:	  if (i != currentPlayer)
        -: 1153:	    {
    #####: 1154:	      gainCard(state->hand[currentPlayer][choice1], state, 0, i);
        -: 1155:	    }
        -: 1156:	}
        -: 1157:
        -: 1158:      //discard played card from hand
    #####: 1159:      discardCard(handPos, currentPlayer, state, 0);			
        -: 1160:
        -: 1161:      //trash copies of cards returned to supply
    #####: 1162:      for (j = 0; j < choice2; j++)
        -: 1163:	{
    #####: 1164:	  for (i = 0; i < state->handCount[currentPlayer]; i++)
        -: 1165:	    {
    #####: 1166:	      if (state->hand[currentPlayer][i] == state->hand[currentPlayer][choice1])
        -: 1167:		{
    #####: 1168:		  discardCard(i, currentPlayer, state, 1);
    #####: 1169:		  break;
        -: 1170:		}
        -: 1171:	    }
        -: 1172:	}			
        -: 1173:
    #####: 1174:      return 0;
        -: 1175:		
        -: 1176:    case cutpurse:
        -: 1177:
    #####: 1178:      updateCoins(currentPlayer, state, 2);
    #####: 1179:      for (i = 0; i < state->numPlayers; i++)
        -: 1180:	{
    #####: 1181:	  if (i != currentPlayer)
        -: 1182:	    {
    #####: 1183:	      for (j = 0; j < state->handCount[i]; j++)
        -: 1184:		{
    #####: 1185:		  if (state->hand[i][j] == copper)
        -: 1186:		    {
    #####: 1187:		      discardCard(j, i, state, 0);
    #####: 1188:		      break;
        -: 1189:		    }
    #####: 1190:		  if (j == state->handCount[i])
        -: 1191:		    {
    #####: 1192:		      for (k = 0; k < state->handCount[i]; k++)
        -: 1193:			{
        -: 1194:			  if (DEBUG)
        -: 1195:			    printf("Player %d reveals card number %d\n", i, state->hand[i][k]);
        -: 1196:			}	
    #####: 1197:		      break;
        -: 1198:		    }		
        -: 1199:		}
        -: 1200:					
        -: 1201:	    }
        -: 1202:				
        -: 1203:	}				
        -: 1204:
        -: 1205:      //discard played card from hand
    #####: 1206:      discardCard(handPos, currentPlayer, state, 0);			
        -: 1207:
    #####: 1208:      return 0;
        -: 1209:
        -: 1210:		
        -: 1211:    case embargo: 
        -: 1212:      //+2 Coins
    #####: 1213:      state->coins = state->coins + 2;
        -: 1214:			
        -: 1215:      //see if selected pile is in play
    #####: 1216:      if ( state->supplyCount[choice1] == -1 )
        -: 1217:	{
    #####: 1218:	  return -1;
        -: 1219:	}
        -: 1220:			
        -: 1221:      //add embargo token to selected supply pile
    #####: 1222:      state->embargoTokens[choice1]++;
        -: 1223:			
        -: 1224:      //trash card
    #####: 1225:      discardCard(handPos, currentPlayer, state, 1);		
    #####: 1226:      return 0;
        -: 1227:		
        -: 1228:    case outpost:
        -: 1229:      //set outpost flag
    #####: 1230:      state->outpostPlayed++;
        -: 1231:			
        -: 1232:      //discard card
    #####: 1233:      discardCard(handPos, currentPlayer, state, 0);
    #####: 1234:      return 0;
        -: 1235://////////////////////////salvager		
        -: 1236://////////////////////////salvager		
        -: 1237:///////////////////////////////sea_hag		
        -: 1238:///////////////////////////////sea_hag		
        -: 1239:		
        -: 1240:    case treasure_map:
        -: 1241:      //search hand for another treasure_map
    #####: 1242:      index = -1;
    #####: 1243:      for (i = 0; i < state->handCount[currentPlayer]; i++)
        -: 1244:	{
    #####: 1245:	  if (state->hand[currentPlayer][i] == treasure_map && i != handPos)
        -: 1246:	    {
    #####: 1247:	      index = i;
    #####: 1248:	      break;
        -: 1249:	    }
        -: 1250:	}
    #####: 1251:      if (index > -1)
        -: 1252:	{
        -: 1253:	  //trash both treasure cards
    #####: 1254:	  discardCard(handPos, currentPlayer, state, 1);
    #####: 1255:	  discardCard(index, currentPlayer, state, 1);
        -: 1256:
        -: 1257:	  //gain 4 Gold cards
    #####: 1258:	  for (i = 0; i < 4; i++)
        -: 1259:	    {
    #####: 1260:	      gainCard(gold, state, 1, currentPlayer);
        -: 1261:	    }
        -: 1262:				
        -: 1263:	  //return success
    #####: 1264:	  return 1;
        -: 1265:	}
        -: 1266:			
        -: 1267:      //no second treasure_map found in hand
    #####: 1268:      return -1;
        -: 1269:    }
        -: 1270:	
    #####: 1271:  return -1;
        -: 1272:}
        -: 1273:
    #####: 1274:int discardCard(int handPos, int currentPlayer, struct gameState *state, int trashFlag)
        -: 1275:{
        -: 1276:	
        -: 1277:  //if card is not trashed, added to Played pile 
    #####: 1278:  if (trashFlag < 1)
        -: 1279:    {
        -: 1280:      //add card to played pile
    #####: 1281:      state->playedCards[state->playedCardCount] = state->hand[currentPlayer][handPos]; 
    #####: 1282:      state->playedCardCount++;
        -: 1283:    }
        -: 1284:	
        -: 1285:  //set played card to -1
    #####: 1286:  state->hand[currentPlayer][handPos] = -1;
        -: 1287:	
        -: 1288:  //remove card from player's hand
    #####: 1289:  if ( handPos == (state->handCount[currentPlayer] - 1) ) 	//last card in hand array is played
        -: 1290:    {
        -: 1291:      //reduce number of cards in hand
    #####: 1292:      state->handCount[currentPlayer]--;
        -: 1293:    }
    #####: 1294:  else if ( state->handCount[currentPlayer] == 1 ) //only one card in hand
        -: 1295:    {
        -: 1296:      //reduce number of cards in hand
    #####: 1297:      state->handCount[currentPlayer]--;
        -: 1298:    }
        -: 1299:  else 	
        -: 1300:    {
        -: 1301:      //replace discarded card with last card in hand
    #####: 1302:      state->hand[currentPlayer][handPos] = state->hand[currentPlayer][ (state->handCount[currentPlayer] - 1)];
        -: 1303:      //set last card to -1
    #####: 1304:      state->hand[currentPlayer][state->handCount[currentPlayer] - 1] = -1;
        -: 1305:      //reduce number of cards in hand
    #####: 1306:      state->handCount[currentPlayer]--;
        -: 1307:    }
        -: 1308:	
    #####: 1309:  return 0;
        -: 1310:}
        -: 1311:
    #####: 1312:int gainCard(int supplyPos, struct gameState *state, int toFlag, int player)
        -: 1313:{
        -: 1314:  //Note: supplyPos is enum of choosen card
        -: 1315:	
        -: 1316:  //check if supply pile is empty (0) or card is not used in game (-1)
    #####: 1317:  if ( supplyCount(supplyPos, state) < 1 )
        -: 1318:    {
    #####: 1319:      return -1;
        -: 1320:   }
        -: 1321:	
        -: 1322:  //added card for [whoseTurn] current player:
        -: 1323:  // toFlag = 0 : add to discard
        -: 1324:  // toFlag = 1 : add to deck
        -: 1325:  // toFlag = 2 : add to hand
        -: 1326:
    #####: 1327:  if (toFlag == 1)
        -: 1328:    {
    #####: 1329:      state->deck[ player ][ state->deckCount[player] ] = supplyPos;
    #####: 1330:      state->deckCount[player]++;
        -: 1331:    }
    #####: 1332:  else if (toFlag == 2)
        -: 1333:    {
    #####: 1334:      state->hand[ player ][ state->handCount[player] ] = supplyPos;
    #####: 1335:     state->handCount[player]++;
        -: 1336:   }
        -: 1337:  else
        -: 1338:    {
        -: 1339:      //state->discard[player][ state->discardCount[player] ] = supplyPos;
        -: 1340:   //   state->discardCount[player]++;
        -: 1341:    }
        -: 1342:	
        -: 1343:  //decrease number in supply pile
        -: 1344: // state->supplyCount[supplyPos]--;
        -: 1345:	 
    #####: 1346:  return 0;
        -: 1347:}
        -: 1348:
        1: 1349:int updateCoins(int player, struct gameState *state, int bonus)
        -: 1350:{
        -: 1351:  int i;
        -: 1352:	
        -: 1353:  //reset coin count
        1: 1354:  state->coins = 0;
        -: 1355:
        -: 1356:  //add coins for each Treasure card in player's hand
        6: 1357:  for (i = 0; i < state->handCount[player]; i++)
        -: 1358:    {
        5: 1359:      if (state->hand[player][i] == copper)
        -: 1360:	{
        4: 1361:	  state->coins += 1;
        -: 1362:	}
        1: 1363:      else if (state->hand[player][i] == silver)
        -: 1364:	{
    #####: 1365:	  state->coins += 2;
        -: 1366:	}
        1: 1367:      else if (state->hand[player][i] == gold)
        -: 1368:	{
    #####: 1369:	  state->coins += 3;
        -: 1370:	}	
        -: 1371:    }	
        -: 1372:
        -: 1373:  //add bonus
        1: 1374:  state->coins += bonus;
        -: 1375:
        1: 1376:  return 0;
        -: 1377:}
        -: 1378:
        -: 1379:
        -: 1380://end of dominion.c
        -: 1381:
